{"name": "test_sign_in", "status": "failed", "statusDetails": {"message": "AssertionError", "trace": "self = <tests_steps.TestLogin object at 0x000002A6FC11C5B0>\n\n    def test_sign_in(self):\n        sign_in = SignInPage()\n        sign_in.login()\n        sign_in.sendEmail()\n        sign_in.clickButtonContinue()\n>       sign_in.examination()\n\ntests\\tests_steps.py:13: \n_ _ _ _ _ _ _ _ _ _ _ _ _ _ _ _ _ _ _ _ _ _ _ _ _ _ _ _ _ _ _ _ _ _ _ _ _ _ _ _ _ _ _ _ _ _ _ _ _ _ _ _ _ _ _ _ _ _ _ _ _ _ _ _ _ _ _ _ _ _ _ _ _ _ _ _ _ _ _ _ _ _ _ _ _ _ _ _ _ _ _ _ _ \n\nself = <pages.SignInPage.SignInPage object at 0x000002A6FC11A130>\n\n    @allure.step('Examination')\n    def examination(self):\n>       assert 1 == 2\nE       AssertionError\n\npages\\SignInPage.py:28: AssertionError"}, "steps": [{"name": "Go to Sign In", "status": "passed", "start": 1659160458995, "stop": 1659160461061}, {"name": "Send Username", "status": "passed", "start": 1659160461061, "stop": 1659160461164}, {"name": "Click Button Continue", "status": "passed", "start": 1659160461164, "stop": 1659160461620}, {"name": "Examination", "status": "failed", "statusDetails": {"message": "AssertionError\n", "trace": "  File \"d:\\autoproj\\testamazon\\.venv\\lib\\site-packages\\allure_commons\\_allure.py\", line 172, in impl\n    return func(*a, **kw)\n  File \"D:\\autoproj\\testamazon\\pages\\SignInPage.py\", line 28, in examination\n    assert 1 == 2\n"}, "start": 1659160461620, "stop": 1659160461620}], "attachments": [{"name": "Current URL", "source": "7278df68-1a16-4e47-b295-e2c87f6912f1-attachment.uri", "type": "text/uri-list"}, {"name": "Screenshot", "source": "0ed30f11-8647-4cff-b912-d677134d8e96-attachment.png", "type": "image/png"}], "start": 1659160458995, "stop": 1659160461622, "uuid": "48ea9642-de7c-494d-870f-ff1b6c66e643", "historyId": "a28f80698ec58b65cf2efa4e95e9634a", "testCaseId": "b3e9226f6363194a37e516a409a39242", "fullName": "tests.tests_steps.TestLogin#test_sign_in", "labels": [{"name": "tag", "value": "@pytest.mark.usefixtures('start_session')"}, {"name": "parentSuite", "value": "tests"}, {"name": "suite", "value": "tests_steps"}, {"name": "subSuite", "value": "TestLogin"}, {"name": "host", "value": "DESKTOP-12H3A8H"}, {"name": "thread", "value": "13924-MainThread"}, {"name": "framework", "value": "pytest"}, {"name": "language", "value": "cpython3"}, {"name": "package", "value": "tests.tests_steps"}]}