{"name": "test_scenario_3_orders", "status": "failed", "statusDetails": {"message": "AssertionError", "trace": "self = <tests_steps.TestScenario3orders object at 0x000002661B2A3910>\n\n    def test_scenario_3_orders(self):\n        test_scenario_3 = Scenario_Three()\n>       test_scenario_3.go_to_your_orders()\n\ntests\\tests_steps.py:36: \n_ _ _ _ _ _ _ _ _ _ _ _ _ _ _ _ _ _ _ _ _ _ _ _ _ _ _ _ _ _ _ _ _ _ _ _ _ _ _ _ _ _ _ _ _ _ _ _ _ _ _ _ _ _ _ _ _ _ _ _ _ _ _ _ _ _ _ _ _ _ _ _ _ _ _ _ _ _ _ _ _ _ _ _ _ _ _ _ _ _ _ _ _ \n\nself = <pages.Scenario3.Scenario_Three object at 0x000002661B36A9A0>\n\n    @allure.step(\"Go to Your Orders\")\n    def go_to_your_orders(self):\n        self.visit(self.base_url)\n        self.targeting(*self.locator_dictionary['buttonGoToSignIn'])\n        self.find_element(*self.locator_dictionary['buttonYourOrders']).click()\n>       assert 1 == 2\nE       AssertionError\n\npages\\Scenario3.py:19: AssertionError"}, "steps": [{"name": "Go to Your Orders", "status": "failed", "statusDetails": {"message": "AssertionError\n", "trace": "  File \"d:\\autoproj\\testamazon\\.venv\\lib\\site-packages\\allure_commons\\_allure.py\", line 172, in impl\n    return func(*a, **kw)\n  File \"D:\\autoproj\\testamazon\\pages\\Scenario3.py\", line 19, in go_to_your_orders\n    assert 1 == 2\n"}, "start": 1659185863341, "stop": 1659185865907}], "attachments": [{"name": "Current URL", "source": "5ef64566-d313-44d3-8de3-0e9f7b019fe6-attachment.uri", "type": "text/uri-list"}, {"name": "Screenshot", "source": "024d5faf-650c-4eb7-9bc7-df0fc580f2dd-attachment.png", "type": "image/png"}], "start": 1659185863341, "stop": 1659185865908, "uuid": "5f9f116b-cb16-48e0-9086-485ceb1a6248", "historyId": "00f7485f22028d496ac230dc80af8a94", "testCaseId": "fdb37681ea417c48107d04f143a8ac04", "fullName": "tests.tests_steps.TestScenario3orders#test_scenario_3_orders", "labels": [{"name": "tag", "value": "@pytest.mark.usefixtures('start_session')"}, {"name": "parentSuite", "value": "tests"}, {"name": "suite", "value": "tests_steps"}, {"name": "subSuite", "value": "TestScenario3orders"}, {"name": "host", "value": "DESKTOP-12H3A8H"}, {"name": "thread", "value": "18196-MainThread"}, {"name": "framework", "value": "pytest"}, {"name": "language", "value": "cpython3"}, {"name": "package", "value": "tests.tests_steps"}]}