{"name": "test_scenario_3", "status": "failed", "statusDetails": {"message": "AssertionError", "trace": "self = <tests_steps.TestScenario3 object at 0x0000027F44CF1220>\n\n    def test_scenario_3(self):\n        test_scenario_3 = Scenario_Three()\n>       test_scenario_3.go_to_your_orders()\n\ntests\\tests_steps.py:37: \n_ _ _ _ _ _ _ _ _ _ _ _ _ _ _ _ _ _ _ _ _ _ _ _ _ _ _ _ _ _ _ _ _ _ _ _ _ _ _ _ _ _ _ _ _ _ _ _ _ _ _ _ _ _ _ _ _ _ _ _ _ _ _ _ _ _ _ _ _ _ _ _ _ _ _ _ _ _ _ _ _ _ _ _ _ _ _ _ _ _ _ _ _ \n\nself = <pages.Scenario3.Scenario_Three object at 0x0000027F44CEE6A0>\n\n    @allure.step(\"Go to Your Orders\")\n    def go_to_your_orders(self):\n        self.visit(self.base_url)\n        self.targeting(*self.locator_dictionary['buttonGoToSignIn'])\n        self.find_element(*self.locator_dictionary['buttonYourOrders']).click()\n>       assert 1==2\nE       AssertionError\n\npages\\Scenario3.py:19: AssertionError"}, "steps": [{"name": "Go to Your Orders", "status": "failed", "statusDetails": {"message": "AssertionError\n", "trace": "  File \"d:\\autoproj\\testamazon\\.venv\\lib\\site-packages\\allure_commons\\_allure.py\", line 172, in impl\n    return func(*a, **kw)\n  File \"D:\\autoproj\\testamazon\\pages\\Scenario3.py\", line 19, in go_to_your_orders\n    assert 1==2\n"}, "start": 1659185417677, "stop": 1659185420241}], "attachments": [{"name": "Current URL", "source": "f94a3b83-462c-488c-8429-e5051b270496-attachment.uri", "type": "text/uri-list"}, {"name": "Screenshot", "source": "6bd51eba-44ed-454d-8913-11ea8f30ff5d-attachment.png", "type": "image/png"}], "start": 1659185417677, "stop": 1659185420242, "uuid": "8329475d-e0b8-4311-82cc-f8a512c931c8", "historyId": "7623782126bb9b1ae336ce50beda6122", "testCaseId": "025b16512485a3aaa2983049433f2a6e", "fullName": "tests.tests_steps.TestScenario3#test_scenario_3", "labels": [{"name": "tag", "value": "@pytest.mark.usefixtures('start_session')"}, {"name": "parentSuite", "value": "tests"}, {"name": "suite", "value": "tests_steps"}, {"name": "subSuite", "value": "TestScenario3"}, {"name": "host", "value": "DESKTOP-12H3A8H"}, {"name": "thread", "value": "19808-MainThread"}, {"name": "framework", "value": "pytest"}, {"name": "language", "value": "cpython3"}, {"name": "package", "value": "tests.tests_steps"}]}