{"name": "test_scenario_3_addresses", "status": "failed", "statusDetails": {"message": "AssertionError", "trace": "self = <tests_steps.TestScenario3addresses object at 0x000002661B2A3730>\n\n    def test_scenario_3_addresses(self):\n        test_scenario_3 = Scenario_Three()\n>       test_scenario_3.go_to_your_addresses()\n\ntests\\tests_steps.py:43: \n_ _ _ _ _ _ _ _ _ _ _ _ _ _ _ _ _ _ _ _ _ _ _ _ _ _ _ _ _ _ _ _ _ _ _ _ _ _ _ _ _ _ _ _ _ _ _ _ _ _ _ _ _ _ _ _ _ _ _ _ _ _ _ _ _ _ _ _ _ _ _ _ _ _ _ _ _ _ _ _ _ _ _ _ _ _ _ _ _ _ _ _ _ \n\nself = <pages.Scenario3.Scenario_Three object at 0x000002661B37C6A0>\n\n    @allure.step(\"Go to Your Addresses\")\n    def go_to_your_addresses(self):\n        self.visit(self.base_url)\n        self.targeting(*self.locator_dictionary['buttonGoToSignIn'])\n        self.find_element(*self.locator_dictionary['buttonYourAddresses']).click()\n>       assert 1 == 2\nE       AssertionError\n\npages\\Scenario3.py:26: AssertionError"}, "steps": [{"name": "Go to Your Addresses", "status": "failed", "statusDetails": {"message": "AssertionError\n", "trace": "  File \"d:\\autoproj\\testamazon\\.venv\\lib\\site-packages\\allure_commons\\_allure.py\", line 172, in impl\n    return func(*a, **kw)\n  File \"D:\\autoproj\\testamazon\\pages\\Scenario3.py\", line 26, in go_to_your_addresses\n    assert 1 == 2\n"}, "start": 1659185875865, "stop": 1659185878095}], "attachments": [{"name": "Current URL", "source": "95f38195-5a49-4e6e-9d7a-97f273fd9bf1-attachment.uri", "type": "text/uri-list"}, {"name": "Screenshot", "source": "6a386ae6-eb4a-4cb6-86e5-ba6dddc2725f-attachment.png", "type": "image/png"}], "start": 1659185875865, "stop": 1659185878096, "uuid": "320ca0d3-dbb9-48b8-9eed-6e79ff5caf1e", "historyId": "0c7f0b05284a713e540e7fc956db332e", "testCaseId": "21311810758b87259b7cf573d30bfa28", "fullName": "tests.tests_steps.TestScenario3addresses#test_scenario_3_addresses", "labels": [{"name": "tag", "value": "@pytest.mark.usefixtures('start_session')"}, {"name": "parentSuite", "value": "tests"}, {"name": "suite", "value": "tests_steps"}, {"name": "subSuite", "value": "TestScenario3addresses"}, {"name": "host", "value": "DESKTOP-12H3A8H"}, {"name": "thread", "value": "18196-MainThread"}, {"name": "framework", "value": "pytest"}, {"name": "language", "value": "cpython3"}, {"name": "package", "value": "tests.tests_steps"}]}