{"name": "test_sign_in", "status": "failed", "statusDetails": {"message": "AssertionError", "trace": "self = <tests_steps.TestLogin object at 0x000002661B2A3BE0>\n\n    def test_sign_in(self):\n        sign_in = SignInPage()\n        sign_in.login()\n        sign_in.sendEmail()\n        sign_in.clickButtonContinue()\n>       sign_in.examination()\n\ntests\\tests_steps.py:15: \n_ _ _ _ _ _ _ _ _ _ _ _ _ _ _ _ _ _ _ _ _ _ _ _ _ _ _ _ _ _ _ _ _ _ _ _ _ _ _ _ _ _ _ _ _ _ _ _ _ _ _ _ _ _ _ _ _ _ _ _ _ _ _ _ _ _ _ _ _ _ _ _ _ _ _ _ _ _ _ _ _ _ _ _ _ _ _ _ _ _ _ _ _ \n\nself = <pages.SignInPage.SignInPage object at 0x000002661B2A0850>\n\n    @allure.step('Examination')\n    def examination(self):\n>       assert 1 == 2\nE       AssertionError\n\npages\\SignInPage.py:28: AssertionError"}, "steps": [{"name": "Go to Sign In", "status": "passed", "start": 1659185830741, "stop": 1659185832869}, {"name": "Send Username", "status": "passed", "start": 1659185832869, "stop": 1659185832995}, {"name": "Click Button Continue", "status": "passed", "start": 1659185832995, "stop": 1659185833353}, {"name": "Examination", "status": "failed", "statusDetails": {"message": "AssertionError\n", "trace": "  File \"d:\\autoproj\\testamazon\\.venv\\lib\\site-packages\\allure_commons\\_allure.py\", line 172, in impl\n    return func(*a, **kw)\n  File \"D:\\autoproj\\testamazon\\pages\\SignInPage.py\", line 28, in examination\n    assert 1 == 2\n"}, "start": 1659185833353, "stop": 1659185833353}], "attachments": [{"name": "Current URL", "source": "8e32b195-323b-4fd8-9b80-f45c696a5c22-attachment.uri", "type": "text/uri-list"}, {"name": "Screenshot", "source": "16a57824-9e0c-40ea-a1c8-9e4c040ed465-attachment.png", "type": "image/png"}], "start": 1659185830741, "stop": 1659185833355, "uuid": "eaacee4c-25e7-4f0c-927b-aa155fa4439a", "historyId": "a28f80698ec58b65cf2efa4e95e9634a", "testCaseId": "b3e9226f6363194a37e516a409a39242", "fullName": "tests.tests_steps.TestLogin#test_sign_in", "labels": [{"name": "tag", "value": "@pytest.mark.usefixtures('start_session')"}, {"name": "parentSuite", "value": "tests"}, {"name": "suite", "value": "tests_steps"}, {"name": "subSuite", "value": "TestLogin"}, {"name": "host", "value": "DESKTOP-12H3A8H"}, {"name": "thread", "value": "18196-MainThread"}, {"name": "framework", "value": "pytest"}, {"name": "language", "value": "cpython3"}, {"name": "package", "value": "tests.tests_steps"}]}