{"name": "test_sign_in", "status": "failed", "statusDetails": {"message": "AssertionError", "trace": "self = <tests_steps.TestLogin object at 0x000001FB18445850>\n\n    def test_sign_in(self):\n        sign_in = SignInPage()\n        sign_in.login()\n        sign_in.sendEmail()\n        sign_in.clickButtonContinue()\n>       sign_in.examination()\n\ntests\\tests_steps.py:14: \n_ _ _ _ _ _ _ _ _ _ _ _ _ _ _ _ _ _ _ _ _ _ _ _ _ _ _ _ _ _ _ _ _ _ _ _ _ _ _ _ _ _ _ _ _ _ _ _ _ _ _ _ _ _ _ _ _ _ _ _ _ _ _ _ _ _ _ _ _ _ _ _ _ _ _ _ _ _ _ _ _ _ _ _ _ _ _ _ _ _ _ _ _ \n\nself = <pages.SignInPage.SignInPage object at 0x000001FB184A6040>\n\n    @allure.step('Examination')\n    def examination(self):\n>       assert 1 == 2\nE       AssertionError\n\npages\\SignInPage.py:28: AssertionError"}, "steps": [{"name": "Go to Sign In", "status": "passed", "start": 1659182445358, "stop": 1659182447163}, {"name": "Send Username", "status": "passed", "start": 1659182447163, "stop": 1659182447287}, {"name": "Click Button Continue", "status": "passed", "start": 1659182447287, "stop": 1659182447670}, {"name": "Examination", "status": "failed", "statusDetails": {"message": "AssertionError\n", "trace": "  File \"d:\\autoproj\\testamazon\\.venv\\lib\\site-packages\\allure_commons\\_allure.py\", line 172, in impl\n    return func(*a, **kw)\n  File \"D:\\autoproj\\testamazon\\pages\\SignInPage.py\", line 28, in examination\n    assert 1 == 2\n"}, "start": 1659182447670, "stop": 1659182447670}], "attachments": [{"name": "Current URL", "source": "e3967bbd-37ea-4159-8829-1ca69c0506cd-attachment.uri", "type": "text/uri-list"}, {"name": "Screenshot", "source": "8b7035ec-c34a-42cf-9359-05f290355126-attachment.png", "type": "image/png"}], "start": 1659182445357, "stop": 1659182447678, "uuid": "2f6f2da3-48a6-4866-86ba-51e6da09cbdd", "historyId": "a28f80698ec58b65cf2efa4e95e9634a", "testCaseId": "b3e9226f6363194a37e516a409a39242", "fullName": "tests.tests_steps.TestLogin#test_sign_in", "labels": [{"name": "tag", "value": "@pytest.mark.usefixtures('start_session')"}, {"name": "parentSuite", "value": "tests"}, {"name": "suite", "value": "tests_steps"}, {"name": "subSuite", "value": "TestLogin"}, {"name": "host", "value": "DESKTOP-12H3A8H"}, {"name": "thread", "value": "9852-MainThread"}, {"name": "framework", "value": "pytest"}, {"name": "language", "value": "cpython3"}, {"name": "package", "value": "tests.tests_steps"}]}