{"name": "test_scenario_3_orders", "status": "failed", "statusDetails": {"message": "AssertionError", "trace": "self = <tests_steps.TestScenario3orders object at 0x0000021F19FFACA0>\n\n    def test_scenario_3_orders(self):\n        test_scenario_3 = Scenario_Three()\n>       test_scenario_3.go_to_your_orders()\n\ntests\\tests_steps.py:36: \n_ _ _ _ _ _ _ _ _ _ _ _ _ _ _ _ _ _ _ _ _ _ _ _ _ _ _ _ _ _ _ _ _ _ _ _ _ _ _ _ _ _ _ _ _ _ _ _ _ _ _ _ _ _ _ _ _ _ _ _ _ _ _ _ _ _ _ _ _ _ _ _ _ _ _ _ _ _ _ _ _ _ _ _ _ _ _ _ _ _ _ _ _ \n\nself = <pages.Scenario3.Scenario_Three object at 0x0000021F1A050220>\n\n    @allure.step(\"Go to Your Orders\")\n    def go_to_your_orders(self):\n        self.visit(self.base_url)\n        self.targeting(*self.locator_dictionary['buttonGoToSignIn'])\n        self.find_element(*self.locator_dictionary['buttonYourOrders']).click()\n>       assert 1 == 2\nE       AssertionError\n\npages\\Scenario3.py:19: AssertionError"}, "steps": [{"name": "Go to Your Orders", "status": "failed", "statusDetails": {"message": "AssertionError\n", "trace": "  File \"d:\\autoproj\\testamazon\\.venv\\lib\\site-packages\\allure_commons\\_allure.py\", line 172, in impl\n    return func(*a, **kw)\n  File \"D:\\autoproj\\testamazon\\pages\\Scenario3.py\", line 19, in go_to_your_orders\n    assert 1 == 2\n"}, "start": 1659376417642, "stop": 1659376421402}], "attachments": [{"name": "Current URL", "source": "0251a480-9f08-4c2a-a386-8df0ad2b333f-attachment.uri", "type": "text/uri-list"}, {"name": "Screenshot", "source": "468e8366-b991-44ce-87ea-b184d888371a-attachment.png", "type": "image/png"}], "start": 1659376417641, "stop": 1659376421410, "uuid": "9434f6d9-d325-4f8b-b8bb-dfb6a3c0d848", "historyId": "00f7485f22028d496ac230dc80af8a94", "testCaseId": "fdb37681ea417c48107d04f143a8ac04", "fullName": "tests.tests_steps.TestScenario3orders#test_scenario_3_orders", "labels": [{"name": "tag", "value": "@pytest.mark.usefixtures('start_session')"}, {"name": "parentSuite", "value": "tests"}, {"name": "suite", "value": "tests_steps"}, {"name": "subSuite", "value": "TestScenario3orders"}, {"name": "host", "value": "DESKTOP-12H3A8H"}, {"name": "thread", "value": "21744-MainThread"}, {"name": "framework", "value": "pytest"}, {"name": "language", "value": "cpython3"}, {"name": "package", "value": "tests.tests_steps"}]}