{"name": "test_scenario_3_addresses", "status": "failed", "statusDetails": {"message": "AssertionError", "trace": "self = <tests_steps.TestScenario3addresses object at 0x0000021F19FFAE80>\n\n    def test_scenario_3_addresses(self):\n        test_scenario_3 = Scenario_Three()\n>       test_scenario_3.go_to_your_addresses()\n\ntests\\tests_steps.py:43: \n_ _ _ _ _ _ _ _ _ _ _ _ _ _ _ _ _ _ _ _ _ _ _ _ _ _ _ _ _ _ _ _ _ _ _ _ _ _ _ _ _ _ _ _ _ _ _ _ _ _ _ _ _ _ _ _ _ _ _ _ _ _ _ _ _ _ _ _ _ _ _ _ _ _ _ _ _ _ _ _ _ _ _ _ _ _ _ _ _ _ _ _ _ \n\nself = <pages.Scenario3.Scenario_Three object at 0x0000021F1A90F610>\n\n    @allure.step(\"Go to Your Addresses\")\n    def go_to_your_addresses(self):\n        self.visit(self.base_url)\n        self.targeting(*self.locator_dictionary['buttonGoToSignIn'])\n        self.find_element(*self.locator_dictionary['buttonYourAddresses']).click()\n>       assert 1 == 2\nE       AssertionError\n\npages\\Scenario3.py:26: AssertionError"}, "steps": [{"name": "Go to Your Addresses", "status": "failed", "statusDetails": {"message": "AssertionError\n", "trace": "  File \"d:\\autoproj\\testamazon\\.venv\\lib\\site-packages\\allure_commons\\_allure.py\", line 172, in impl\n    return func(*a, **kw)\n  File \"D:\\autoproj\\testamazon\\pages\\Scenario3.py\", line 26, in go_to_your_addresses\n    assert 1 == 2\n"}, "start": 1659376433008, "stop": 1659376436935}], "attachments": [{"name": "Current URL", "source": "ed6e0c69-7236-4d68-b8c9-31af64e68def-attachment.uri", "type": "text/uri-list"}, {"name": "Screenshot", "source": "f88b0dd0-8017-4269-b157-b75b1b9fae37-attachment.png", "type": "image/png"}], "start": 1659376433007, "stop": 1659376436935, "uuid": "4d7f347c-b118-472f-a5d0-1cac12f832de", "historyId": "0c7f0b05284a713e540e7fc956db332e", "testCaseId": "21311810758b87259b7cf573d30bfa28", "fullName": "tests.tests_steps.TestScenario3addresses#test_scenario_3_addresses", "labels": [{"name": "tag", "value": "@pytest.mark.usefixtures('start_session')"}, {"name": "parentSuite", "value": "tests"}, {"name": "suite", "value": "tests_steps"}, {"name": "subSuite", "value": "TestScenario3addresses"}, {"name": "host", "value": "DESKTOP-12H3A8H"}, {"name": "thread", "value": "21744-MainThread"}, {"name": "framework", "value": "pytest"}, {"name": "language", "value": "cpython3"}, {"name": "package", "value": "tests.tests_steps"}]}