{"name": "test_scenario_3_addresses", "status": "failed", "statusDetails": {"message": "AssertionError", "trace": "self = <tests_steps.TestScenario3addresses object at 0x00000287B766AF10>\n\n    def test_scenario_3_addresses(self):\n        test_scenario_3 = Scenario_Three()\n>       test_scenario_3.go_to_your_addresses()\n\ntests\\tests_steps.py:43: \n_ _ _ _ _ _ _ _ _ _ _ _ _ _ _ _ _ _ _ _ _ _ _ _ _ _ _ _ _ _ _ _ _ _ _ _ _ _ _ _ _ _ _ _ _ _ _ _ _ _ _ _ _ _ _ _ _ _ _ _ _ _ _ _ _ _ _ _ _ _ _ _ _ _ _ _ _ _ _ _ _ _ _ _ _ _ _ _ _ _ _ _ _ \n\nself = <pages.Scenario3.Scenario_Three object at 0x00000287B77478B0>\n\n    @allure.step(\"Go to Your Addresses\")\n    def go_to_your_addresses(self):\n        self.visit(self.base_url)\n        self.targeting(*self.locator_dictionary['buttonGoToSignIn'])\n        self.find_element(*self.locator_dictionary['buttonYourAddresses']).click()\n>       assert 1 == 2\nE       AssertionError\n\npages\\Scenario3.py:26: AssertionError"}, "steps": [{"name": "Go to Your Addresses", "status": "failed", "statusDetails": {"message": "AssertionError\n", "trace": "  File \"d:\\autoproj\\testamazon\\.venv\\lib\\site-packages\\allure_commons\\_allure.py\", line 172, in impl\n    return func(*a, **kw)\n  File \"D:\\autoproj\\testamazon\\pages\\Scenario3.py\", line 26, in go_to_your_addresses\n    assert 1 == 2\n"}, "start": 1659186011757, "stop": 1659186013967}], "attachments": [{"name": "Current URL", "source": "55c487e2-e430-4782-86a7-13a109cab8c9-attachment.uri", "type": "text/uri-list"}, {"name": "Screenshot", "source": "d91b97f2-b868-4cd3-9462-1bde049be92c-attachment.png", "type": "image/png"}], "start": 1659186011757, "stop": 1659186013967, "uuid": "7ace15d4-642a-4bde-938b-c380a3b205a7", "historyId": "0c7f0b05284a713e540e7fc956db332e", "testCaseId": "21311810758b87259b7cf573d30bfa28", "fullName": "tests.tests_steps.TestScenario3addresses#test_scenario_3_addresses", "labels": [{"name": "tag", "value": "@pytest.mark.usefixtures('start_session')"}, {"name": "parentSuite", "value": "tests"}, {"name": "suite", "value": "tests_steps"}, {"name": "subSuite", "value": "TestScenario3addresses"}, {"name": "host", "value": "DESKTOP-12H3A8H"}, {"name": "thread", "value": "15936-MainThread"}, {"name": "framework", "value": "pytest"}, {"name": "language", "value": "cpython3"}, {"name": "package", "value": "tests.tests_steps"}]}