{"name": "test_sign_in", "status": "failed", "statusDetails": {"message": "AssertionError", "trace": "self = <tests_steps.TestLogin object at 0x0000021F19FFA9D0>\n\n    def test_sign_in(self):\n        sign_in = SignInPage()\n        sign_in.login()\n        sign_in.sendEmail()\n        sign_in.clickButtonContinue()\n>       sign_in.examination()\n\ntests\\tests_steps.py:15: \n_ _ _ _ _ _ _ _ _ _ _ _ _ _ _ _ _ _ _ _ _ _ _ _ _ _ _ _ _ _ _ _ _ _ _ _ _ _ _ _ _ _ _ _ _ _ _ _ _ _ _ _ _ _ _ _ _ _ _ _ _ _ _ _ _ _ _ _ _ _ _ _ _ _ _ _ _ _ _ _ _ _ _ _ _ _ _ _ _ _ _ _ _ \n\nself = <pages.SignInPage.SignInPage object at 0x0000021F1A009760>\n\n    @allure.step('Examination')\n    def examination(self):\n>       assert 1 == 2\nE       AssertionError\n\npages\\SignInPage.py:28: AssertionError"}, "steps": [{"name": "Go to Sign In", "status": "passed", "start": 1659376366978, "stop": 1659376370275}, {"name": "Send Username", "status": "passed", "start": 1659376370276, "stop": 1659376370419}, {"name": "Click Button Continue", "status": "passed", "start": 1659376370419, "stop": 1659376371087}, {"name": "Examination", "status": "failed", "statusDetails": {"message": "AssertionError\n", "trace": "  File \"d:\\autoproj\\testamazon\\.venv\\lib\\site-packages\\allure_commons\\_allure.py\", line 172, in impl\n    return func(*a, **kw)\n  File \"D:\\autoproj\\testamazon\\pages\\SignInPage.py\", line 28, in examination\n    assert 1 == 2\n"}, "start": 1659376371087, "stop": 1659376371087}], "attachments": [{"name": "Current URL", "source": "3330a9c8-fff5-430a-a379-28dac654e0a3-attachment.uri", "type": "text/uri-list"}, {"name": "Screenshot", "source": "b00abfec-cd3a-4d6a-b291-1be4b67fb749-attachment.png", "type": "image/png"}], "start": 1659376366977, "stop": 1659376371106, "uuid": "8cee8032-3b8a-4432-93ca-17d0777338b9", "historyId": "a28f80698ec58b65cf2efa4e95e9634a", "testCaseId": "b3e9226f6363194a37e516a409a39242", "fullName": "tests.tests_steps.TestLogin#test_sign_in", "labels": [{"name": "tag", "value": "@pytest.mark.usefixtures('start_session')"}, {"name": "parentSuite", "value": "tests"}, {"name": "suite", "value": "tests_steps"}, {"name": "subSuite", "value": "TestLogin"}, {"name": "host", "value": "DESKTOP-12H3A8H"}, {"name": "thread", "value": "21744-MainThread"}, {"name": "framework", "value": "pytest"}, {"name": "language", "value": "cpython3"}, {"name": "package", "value": "tests.tests_steps"}]}