{"name": "test_scenario_3_orders", "status": "failed", "statusDetails": {"message": "AssertionError", "trace": "self = <tests_steps.TestScenario3orders object at 0x00000287B766AD30>\n\n    def test_scenario_3_orders(self):\n        test_scenario_3 = Scenario_Three()\n>       test_scenario_3.go_to_your_orders()\n\ntests\\tests_steps.py:36: \n_ _ _ _ _ _ _ _ _ _ _ _ _ _ _ _ _ _ _ _ _ _ _ _ _ _ _ _ _ _ _ _ _ _ _ _ _ _ _ _ _ _ _ _ _ _ _ _ _ _ _ _ _ _ _ _ _ _ _ _ _ _ _ _ _ _ _ _ _ _ _ _ _ _ _ _ _ _ _ _ _ _ _ _ _ _ _ _ _ _ _ _ _ \n\nself = <pages.Scenario3.Scenario_Three object at 0x00000287B7734460>\n\n    @allure.step(\"Go to Your Orders\")\n    def go_to_your_orders(self):\n        self.visit(self.base_url)\n        self.targeting(*self.locator_dictionary['buttonGoToSignIn'])\n        self.find_element(*self.locator_dictionary['buttonYourOrders']).click()\n>       assert 1 == 2\nE       AssertionError\n\npages\\Scenario3.py:19: AssertionError"}, "steps": [{"name": "Go to Your Orders", "status": "failed", "statusDetails": {"message": "AssertionError\n", "trace": "  File \"d:\\autoproj\\testamazon\\.venv\\lib\\site-packages\\allure_commons\\_allure.py\", line 172, in impl\n    return func(*a, **kw)\n  File \"D:\\autoproj\\testamazon\\pages\\Scenario3.py\", line 19, in go_to_your_orders\n    assert 1 == 2\n"}, "start": 1659185998821, "stop": 1659186001173}], "attachments": [{"name": "Current URL", "source": "235a1f42-1128-4601-b4e8-c868e9ac531e-attachment.uri", "type": "text/uri-list"}, {"name": "Screenshot", "source": "9709d78e-5bcc-4649-aaba-06da7a8c57da-attachment.png", "type": "image/png"}], "start": 1659185998821, "stop": 1659186001173, "uuid": "e08f358e-1766-479f-a5a7-d9cdfef22af2", "historyId": "00f7485f22028d496ac230dc80af8a94", "testCaseId": "fdb37681ea417c48107d04f143a8ac04", "fullName": "tests.tests_steps.TestScenario3orders#test_scenario_3_orders", "labels": [{"name": "tag", "value": "@pytest.mark.usefixtures('start_session')"}, {"name": "parentSuite", "value": "tests"}, {"name": "suite", "value": "tests_steps"}, {"name": "subSuite", "value": "TestScenario3orders"}, {"name": "host", "value": "DESKTOP-12H3A8H"}, {"name": "thread", "value": "15936-MainThread"}, {"name": "framework", "value": "pytest"}, {"name": "language", "value": "cpython3"}, {"name": "package", "value": "tests.tests_steps"}]}