{"name": "test_sign_in", "status": "failed", "statusDetails": {"message": "AssertionError", "trace": "self = <tests_steps.TestLogin object at 0x00000287B766AA60>\n\n    def test_sign_in(self):\n        sign_in = SignInPage()\n        sign_in.login()\n        sign_in.sendEmail()\n        sign_in.clickButtonContinue()\n>       sign_in.examination()\n\ntests\\tests_steps.py:15: \n_ _ _ _ _ _ _ _ _ _ _ _ _ _ _ _ _ _ _ _ _ _ _ _ _ _ _ _ _ _ _ _ _ _ _ _ _ _ _ _ _ _ _ _ _ _ _ _ _ _ _ _ _ _ _ _ _ _ _ _ _ _ _ _ _ _ _ _ _ _ _ _ _ _ _ _ _ _ _ _ _ _ _ _ _ _ _ _ _ _ _ _ _ \n\nself = <pages.SignInPage.SignInPage object at 0x00000287B76BF400>\n\n    @allure.step('Examination')\n    def examination(self):\n>       assert 1 == 2\nE       AssertionError\n\npages\\SignInPage.py:28: AssertionError"}, "steps": [{"name": "Go to Sign In", "status": "passed", "start": 1659185968484, "stop": 1659185970223}, {"name": "Send Username", "status": "passed", "start": 1659185970223, "stop": 1659185970326}, {"name": "Click Button Continue", "status": "passed", "start": 1659185970326, "stop": 1659185970684}, {"name": "Examination", "status": "failed", "statusDetails": {"message": "AssertionError\n", "trace": "  File \"d:\\autoproj\\testamazon\\.venv\\lib\\site-packages\\allure_commons\\_allure.py\", line 172, in impl\n    return func(*a, **kw)\n  File \"D:\\autoproj\\testamazon\\pages\\SignInPage.py\", line 28, in examination\n    assert 1 == 2\n"}, "start": 1659185970684, "stop": 1659185970684}], "attachments": [{"name": "Current URL", "source": "889c9a8c-e98d-4608-9d50-86def63a2692-attachment.uri", "type": "text/uri-list"}, {"name": "Screenshot", "source": "967d5dfa-117d-4d9d-a9e8-0a22d25de528-attachment.png", "type": "image/png"}], "start": 1659185968483, "stop": 1659185970685, "uuid": "40f7f8e8-6287-4fcd-96bb-6d1cda208bbd", "historyId": "a28f80698ec58b65cf2efa4e95e9634a", "testCaseId": "b3e9226f6363194a37e516a409a39242", "fullName": "tests.tests_steps.TestLogin#test_sign_in", "labels": [{"name": "tag", "value": "@pytest.mark.usefixtures('start_session')"}, {"name": "parentSuite", "value": "tests"}, {"name": "suite", "value": "tests_steps"}, {"name": "subSuite", "value": "TestLogin"}, {"name": "host", "value": "DESKTOP-12H3A8H"}, {"name": "thread", "value": "15936-MainThread"}, {"name": "framework", "value": "pytest"}, {"name": "language", "value": "cpython3"}, {"name": "package", "value": "tests.tests_steps"}]}